<?xml version="1.0" encoding="utf-8"?><testsuites name="pytest tests"><testsuite name="pytest" errors="0" failures="1" skipped="0" tests="29" time="10.646" timestamp="2026-09-08T06:19:18.724918+00:00" hostname="agent-env-b0593076-78dd-4a9c-a3b6-3f4b4a2a6408"><testcase classname="tests.backend_test.TestAuth" name="test_owner_login_ok" time="0.768" /><testcase classname="tests.backend_test.TestCustomers" name="test_list_seeded" time="0.776" /><testcase classname="tests.backend_test.TestAuth" name="test_operator_login_ok" time="0.382" /><testcase classname="tests.backend_test.TestCustomers" name="test_filter_by_provinsi" time="0.373" /><testcase classname="tests.backend_test.TestCustomers" name="test_filter_repeat_true" time="0.149" /><testcase classname="tests.backend_test.TestAuth" name="test_login_wrong_password_401_indonesian" time="0.407" /><testcase classname="tests.backend_test.TestCustomers" name="test_search_q" time="0.260" /><testcase classname="tests.backend_test.TestCustomers" name="test_patch_notes_and_tags" time="0.953" /><testcase classname="tests.backend_test.TestAuth" name="test_me" time="0.522" /><testcase classname="tests.backend_test.TestTags" name="test_list_seeded_tags" time="0.155" /><testcase classname="tests.backend_test.TestAuth" name="test_register_requires_owner" time="0.686" /><testcase classname="tests.backend_test.TestAuth" name="test_register_by_owner_ok" time="0.544" /><testcase classname="tests.backend_test.TestTags" name="test_operator_cannot_delete_tag" time="0.936" /><testcase classname="tests.backend_test.TestNormalization" name="test_list_rules_seeded" time="0.169" /><testcase classname="tests.backend_test.TestNormalization" name="test_unmapped_endpoint" time="0.198" /><testcase classname="tests.backend_test.TestTags" name="test_operator_cannot_patch_tag" time="0.316" /><testcase classname="tests.backend_test.TestNormalization" name="test_new_rule_retroactive" time="0.465" /><testcase classname="tests.backend_test.TestSettings" name="test_wa_template_get" time="0.152" /><testcase classname="tests.backend_test.TestSettings" name="test_csv_mapping_get" time="0.156" /><testcase classname="tests.backend_test.TestCreators" name="test_creators_aggregate" time="0.160" /><testcase classname="tests.backend_test.TestSettings" name="test_put_wa_template_owner_only" time="0.308" /><testcase classname="tests.backend_test.TestCreators" name="test_niche_upsert_owner_only" time="0.312" /><testcase classname="tests.backend_test.TestAnalytics" name="test_dashboard" time="0.152" /><testcase classname="tests.backend_test.TestSegments" name="test_preview" time="0.152" /><testcase classname="tests.backend_test.TestAnalytics" name="test_regions_screenshots" time="0.161" /><testcase classname="tests.backend_test.TestSegments" name="test_export_csv" time="0.156" /><testcase classname="tests.backend_test.TestVision" name="test_extract_from_sample_screenshot" time="4.647" /><testcase classname="tests.backend_test.TestOrders" name="test_save_orders_dedupe_and_normalization" time="0.793" /><testcase classname="tests.backend_test.TestCSV" name="test_import_and_gap" time="0.526"><failure message="assert 0 &gt; 0">backend/tests/backend_test.py:340: in test_import_and_gap
    assert data["upserted"] &gt; 0
E   assert 0 &gt; 0</failure></testcase></testsuite></testsuites>