<?xml version="1.0" encoding="utf-8"?><testsuites name="pytest tests"><testsuite name="pytest" errors="0" failures="0" skipped="0" tests="46" time="19.047" timestamp="2026-09-08T06:41:14.649592+00:00" hostname="agent-env-b0593076-78dd-4a9c-a3b6-3f4b4a2a6408"><testcase classname="tests.backend_test.TestAuth" name="test_owner_login_ok" time="0.497" /><testcase classname="tests.backend_test.TestAuth" name="test_operator_login_ok" time="0.499" /><testcase classname="tests.backend_test.TestCustomers" name="test_list_seeded" time="1.004" /><testcase classname="tests.backend_test.TestAuth" name="test_login_wrong_password_401_indonesian" time="0.384" /><testcase classname="tests.backend_test.TestCustomers" name="test_filter_by_provinsi" time="0.149" /><testcase classname="tests.backend_test.TestCustomers" name="test_filter_repeat_true" time="0.229" /><testcase classname="tests.backend_test.TestCustomers" name="test_search_q" time="0.375" /><testcase classname="tests.backend_test.TestAuth" name="test_me" time="0.527" /><testcase classname="tests.backend_test.TestCustomers" name="test_patch_notes_and_tags" time="1.082" /><testcase classname="tests.backend_test.TestAuth" name="test_register_requires_owner" time="0.547" /><testcase classname="tests.backend_test.TestAuth" name="test_register_by_owner_ok" time="0.370" /><testcase classname="tests.backend_test.TestReminders" name="test_reminders_structure" time="0.154" /><testcase classname="tests.backend_test.TestBulkCustomerUpdate" name="test_bulk_empty_ids_400" time="0.146" /><testcase classname="tests.backend_test.TestReminders" name="test_reminders_days_since_last_order" time="0.170" /><testcase classname="tests.backend_test.TestBulkCustomerUpdate" name="test_bulk_add_tag_and_append_note" time="1.482" /><testcase classname="tests.backend_test.TestReminders" name="test_reminders_requires_auth" time="0.153" /><testcase classname="tests.backend_test.TestReminders" name="test_customers_id_not_shadowed" time="0.302" /><testcase classname="tests.backend_test.TestTags" name="test_list_seeded_tags" time="0.165" /><testcase classname="tests.backend_test.TestTags" name="test_operator_cannot_delete_tag" time="0.462" /><testcase classname="tests.backend_test.TestTags" name="test_operator_cannot_patch_tag" time="0.298" /><testcase classname="tests.backend_test.TestNormalization" name="test_list_rules_seeded" time="0.313" /><testcase classname="tests.backend_test.TestBulkCustomerUpdate" name="test_bulk_operator_allowed" time="0.725" /><testcase classname="tests.backend_test.TestNormalization" name="test_unmapped_endpoint" time="0.159" /><testcase classname="tests.backend_test.TestNormalization" name="test_new_rule_retroactive" time="0.485" /><testcase classname="tests.backend_test.TestBulkCustomerUpdate" name="test_bulk_remove_tag" time="1.122" /><testcase classname="tests.backend_test.TestSettings" name="test_wa_template_get" time="0.147" /><testcase classname="tests.backend_test.TestSettings" name="test_csv_mapping_get" time="0.159" /><testcase classname="tests.backend_test.TestSettings" name="test_put_wa_template_owner_only" time="0.298" /><testcase classname="tests.backend_test.TestVisionZip" name="test_extract_zip_non_zip_400" time="0.147" /><testcase classname="tests.backend_test.TestVisionZip" name="test_get_vision_job_nonexistent_404" time="0.171" /><testcase classname="tests.backend_test.TestAnalyticsProducts" name="test_products_unfiltered" time="0.152" /><testcase classname="tests.backend_test.TestVisionZip" name="test_extract_zip_flow" time="11.333" /><testcase classname="tests.backend_test.TestAnalyticsProducts" name="test_products_kota_filter" time="0.343" /><testcase classname="tests.backend_test.TestAnalyticsProducts" name="test_products_provinsi_filter" time="0.248" /><testcase classname="tests.backend_test.TestCreators" name="test_creators_aggregate" time="0.169" /><testcase classname="tests.backend_test.TestCreators" name="test_niche_upsert_owner_only" time="0.303" /><testcase classname="tests.backend_test.TestAnalytics" name="test_dashboard" time="0.151" /><testcase classname="tests.backend_test.TestAnalytics" name="test_regions_screenshots" time="0.148" /><testcase classname="tests.backend_test.TestSegments" name="test_preview" time="0.150" /><testcase classname="tests.backend_test.TestSegments" name="test_export_csv" time="0.156" /><testcase classname="tests.backend_test.TestVision" name="test_extract_from_sample_screenshot" time="5.833" /><testcase classname="tests.backend_test.TestOrders" name="test_save_orders_dedupe_and_normalization" time="0.798" /><testcase classname="tests.backend_test.TestCSV" name="test_import_and_gap" time="1.734" /><testcase classname="tests.backend_test.TestSegmentPDF" name="test_export_pdf_empty_filter" time="0.314" /><testcase classname="tests.backend_test.TestSegmentPDF" name="test_export_pdf_with_filter" time="0.159" /><testcase classname="tests.backend_test.TestSegmentPDF" name="test_export_pdf_operator_allowed" time="0.172" /></testsuite></testsuites>